llm_agent_builder\cli.py:44: error: "Args" has no attribute "name"  [attr-defined]
llm_agent_builder\cli.py:45: error: "Args" has no attribute "prompt"  [attr-defined]
llm_agent_builder\cli.py:46: error: "Args" has no attribute "task"  [attr-defined]
llm_agent_builder\cli.py:47: error: "Args" has no attribute "output"  [attr-defined]
llm_agent_builder\cli.py:48: error: "Args" has no attribute "model"  [attr-defined]
llm_agent_builder\cli.py:50: error: Incompatible types in assignment (expression has type "Namespace", variable has type "Args")  [assignment]
llm_agent_builder\cli.py:53: error: "Args" has no attribute "model"  [attr-defined]
llm_agent_builder\cli.py:54: error: "Args" has no attribute "model"  [attr-defined]
llm_agent_builder\cli.py:60: error: "Args" has no attribute "model"  [attr-defined]
llm_agent_builder\cli.py:61: error: "Args" has no attribute "name"  [attr-defined]
llm_agent_builder\cli.py:61: error: "Args" has no attribute "prompt"  [attr-defined]
llm_agent_builder\cli.py:61: error: "Args" has no attribute "task"  [attr-defined]
llm_agent_builder\cli.py:61: error: "Args" has no attribute "model"  [attr-defined]
llm_agent_builder\cli.py:63: error: "Args" has no attribute "name"  [attr-defined]
llm_agent_builder\cli.py:63: error: "Args" has no attribute "prompt"  [attr-defined]
llm_agent_builder\cli.py:63: error: "Args" has no attribute "task"  [attr-defined]
llm_agent_builder\cli.py:66: error: "Args" has no attribute "output"  [attr-defined]
llm_agent_builder\cli.py:67: error: "Args" has no attribute "output"  [attr-defined]
llm_agent_builder\cli.py:67: error: "Args" has no attribute "name"  [attr-defined]
llm_agent_builder\cli.py:73: error: "Args" has no attribute "name"  [attr-defined]
Found 20 errors in 1 file (checked 1 source file)
